2023-08-21 02:08:51 - INFO: Extracting E:/Songs\A Punk-ish Pack.zip
2023-08-21 02:08:51 - INFO: Extracting E:/Songs\A-Z Pack 1.rar
2023-08-21 02:08:51 - INFO: Extracting E:/Songs\A-Z Pack 2.rar
2023-08-21 02:08:51 - INFO: Extracting E:/Songs\Amberian Dawn - Circus Black (FULL ALBUM FOR CH).zip
2023-08-21 02:08:58 - INFO: Extracting E:/Songs\Anime Overchart Trackpack.zip
2023-08-21 02:09:05 - INFO: Extracting E:/Songs\Anti Hero - Beach Episode - The Beach Sides.rar
2023-08-21 02:09:09 - INFO: Extracting E:/Songs\Anti Hero.rar
2023-08-21 02:09:37 - INFO: Extracting E:/Songs\ASPack.rar
2023-08-21 02:09:48 - INFO: Extracting E:/Songs\Band Hero.zip
2023-08-21 02:10:02 - INFO: Extracting E:/Songs\BITCRUSHER.rar
2023-08-21 02:12:15 - INFO: Extracting E:/Songs\Blanket Statement.rar
2023-08-21 02:13:13 - INFO: Extracting E:/Songs\Bodom Hero.zip
2023-08-21 02:15:47 - INFO: Extracting E:/Songs\Bring Me The Horizon - That's The Spirit.rar
2023-08-21 02:16:19 - INFO: Extracting E:/Songs\Carpal Tunnel Hero -  Remastered.rar
2023-08-21 02:17:20 - INFO: Extracting E:/Songs\Carpal Tunnel Hero 2 (CH).rar
2023-08-21 02:22:17 - INFO: Extracting E:/Songs\Carpal Tunnel Hero 3.rar
2023-08-21 02:22:59 - INFO: Extracting E:/Songs\CHARTS 2.rar
2023-08-21 02:23:09 - INFO: Extracting E:/Songs\CHARTS.rar
2023-08-21 02:28:16 - INFO: Extracting E:/Songs\Circuit Breaker.rar
2023-08-21 02:31:19 - INFO: Extracting E:/Songs\Code Red - Vol.1.rar
2023-08-21 02:34:35 - INFO: Extracting E:/Songs\Community Track Pack 1 (Remastered).zip
2023-08-21 02:34:43 - INFO: Extracting E:/Songs\Community Track Pack 2 (Remastered).zip
2023-08-21 02:35:23 - INFO: Extracting E:/Songs\Community Track Pack 3 (Remastered).zip
2023-08-21 02:35:40 - INFO: Extracting E:/Songs\Community Track Pack 4 (Remastered).zip
2023-08-21 02:35:54 - ERROR: Error extracting E:/Songs\CHARTS.rar: 
7-Zip 23.00 (x64) : Copyright (c) 1999-2023 Igor Pavlov : 2023-05-07

Scanning the drive for archives:
1 file, 6026574908 bytes (5748 MiB)

Extracting archive: E:\Songs\CHARTS.rar
--
Path = E:\Songs\CHARTS.rar
Type = Rar
Physical Size = 6026574908
Solid = -
Blocks = 3352
Multivolume = -
Volumes = 1


Archives with Errors: 1


2023-08-21 02:35:54 - INFO: Extracting E:/Songs\Community Track Pack 4.5 (Remastered).zip
2023-08-21 02:35:54 - ERROR: Error extracting E:/Songs\Carpal Tunnel Hero 3.rar: 
7-Zip 23.00 (x64) : Copyright (c) 1999-2023 Igor Pavlov : 2023-05-07

Scanning the drive for archives:
1 file, 9869692862 bytes (9413 MiB)

Extracting archive: E:\Songs\Carpal Tunnel Hero 3.rar
--
Path = E:\Songs\Carpal Tunnel Hero 3.rar
Type = Rar5
Physical Size = 9869692862
Solid = -
Blocks = 5239
Encrypted = -
Multivolume = -
Volumes = 1


Archives with Errors: 1


2023-08-21 02:35:54 - INFO: Extracting E:/Songs\Community Track Pack 5 (Remastered).zip
2023-08-21 02:35:54 - ERROR: Error extracting E:/Songs\Code Red - Vol.1.rar: 
7-Zip 23.00 (x64) : Copyright (c) 1999-2023 Igor Pavlov : 2023-05-07

Scanning the drive for archives:
1 file, 2427788594 bytes (2316 MiB)

Extracting archive: E:\Songs\Code Red - Vol.1.rar
--
Path = E:\Songs\Code Red - Vol.1.rar
Type = Rar5
Physical Size = 2427788594
Solid = -
Blocks = 1238
Encrypted = -
Multivolume = -
Volumes = 1


Archives with Errors: 1


2023-08-21 02:35:54 - ERROR: Error extracting E:/Songs\Community Track Pack 4 (Remastered).zip: 
7-Zip 23.00 (x64) : Copyright (c) 1999-2023 Igor Pavlov : 2023-05-07

Scanning the drive for archives:
1 file, 383246176 bytes (366 MiB)

Extracting archive: E:\Songs\Community Track Pack 4 (Remastered).zip
--
Path = E:\Songs\Community Track Pack 4 (Remastered).zip
Type = zip
Physical Size = 383246176


Archives with Errors: 1


2023-08-21 18:06:16,819:INFO:Skipping already extracted archive: E:/Songs\A-Z Pack 1.rar
2023-08-21 18:06:16,819:INFO:Skipping already extracted archive: E:/Songs\A-Z Pack 2.rar
2023-08-21 18:06:24,900:INFO:Skipping already extracted archive: E:/Songs\Anime Overchart Trackpack.zip
2023-08-21 18:06:24,900:INFO:Skipping already extracted archive: E:/Songs\Anti Hero - Beach Episode - The Beach Sides.rar
2023-08-21 18:09:28,350:INFO:Skipping already extracted archive: E:/Songs\Anti Hero.rar
2023-08-21 18:12:03,265:INFO:Skipping already extracted archive: E:/Songs\Band Hero.zip
2023-08-21 18:12:03,267:INFO:Skipping already extracted archive: E:/Songs\BITCRUSHER.rar
2023-08-21 18:12:03,267:INFO:Skipping already extracted archive: E:/Songs\Blanket Statement.rar
2023-08-21 18:12:03,267:INFO:Skipping already extracted archive: E:/Songs\Bodom Hero.zip
2023-08-21 18:13:53,757:INFO:Skipping already extracted archive: E:/Songs\Carpal Tunnel Hero -  Remastered.rar
2023-08-21 18:16:35,883:INFO:Skipping already extracted archive: E:/Songs\Carpal Tunnel Hero 3.rar
2023-08-21 18:16:36,061:INFO:Skipping already extracted archive: E:/Songs\CHARTS 2.rar
2023-08-21 18:16:36,238:INFO:Skipping already extracted archive: E:/Songs\CHARTS.rar
2023-08-21 18:16:36,360:INFO:Skipping already extracted archive: E:/Songs\Circuit Breaker.rar
2023-08-21 18:16:44,747:INFO:Skipping already extracted archive: E:/Songs\Community Track Pack 1 (Remastered).zip
2023-08-21 18:16:44,760:INFO:Skipping already extracted archive: E:/Songs\Community Track Pack 2 (Remastered).zip
2023-08-21 18:16:44,769:INFO:Skipping already extracted archive: E:/Songs\Community Track Pack 3 (Remastered).zip
2023-08-21 18:16:44,779:INFO:Skipping already extracted archive: E:/Songs\Community Track Pack 4 (Remastered).zip
2023-08-21 18:16:44,792:INFO:Skipping already extracted archive: E:/Songs\Community Track Pack 4.5 (Remastered).zip
2023-08-21 18:16:44,802:INFO:Skipping already extracted archive: E:/Songs\Community Track Pack 5 (Remastered).zip
2023-08-21 18:17:20,144:INFO:Skipping already extracted archive: E:/Songs\CSC Monthly Pack - April 2019.rar
2023-08-21 18:17:20,174:INFO:Skipping already extracted archive: E:/Songs\CSC Monthly Pack - April 2021.rar
2023-08-21 18:17:20,184:INFO:Skipping already extracted archive: E:/Songs\CSC Monthly Pack - April 2022 (Local Bands).rar
2023-08-21 18:17:20,190:INFO:Skipping already extracted archive: E:/Songs\CSC Monthly Pack - August 2018.rar
2023-08-21 18:17:20,200:INFO:Skipping already extracted archive: E:/Songs\CSC Monthly Pack - August 2019.rar
2023-08-21 18:17:20,208:INFO:Skipping already extracted archive: E:/Songs\CSC Monthly Pack - August 2020.rar
2023-08-21 18:17:20,212:INFO:Skipping already extracted archive: E:/Songs\CSC Monthly Pack - August 2021 (Featurings).rar
2023-08-21 18:17:20,220:INFO:Skipping already extracted archive: E:/Songs\CSC Monthly Pack - August 2022 (Jazz 2).rar
2023-08-21 18:17:20,232:INFO:Skipping already extracted archive: E:/Songs\CSC Monthly Pack - December 2018.rar
2023-08-21 18:17:20,282:INFO:Skipping already extracted archive: E:/Songs\CSC Monthly Pack - December 2019.rar
2023-08-21 18:17:20,322:INFO:Skipping already extracted archive: E:/Songs\CSC Monthly Pack - December 2020.zip
2023-08-21 18:17:20,336:INFO:Skipping already extracted archive: E:/Songs\CSC Monthly Pack - December 2021 (Summer Winter).rar
2023-08-21 18:17:20,380:INFO:Skipping already extracted archive: E:/Songs\CSC Monthly Pack - December 2022 (Punk & Alt).rar
2023-08-21 18:17:20,400:INFO:Skipping already extracted archive: E:/Songs\CSC Monthly Pack - February 2019.rar
2023-08-21 18:17:20,402:INFO:Skipping already extracted archive: E:/Songs\CSC Monthly Pack - February 2020.rar
2023-08-21 18:17:20,404:INFO:Skipping already extracted archive: E:/Songs\CSC Monthly Pack - February 2021.rar
2023-08-21 18:17:20,407:INFO:Skipping already extracted archive: E:/Songs\CSC Monthly Pack - February 2022 (Video Game 3).rar
2023-08-21 18:17:20,409:INFO:Skipping already extracted archive: E:/Songs\CSC Monthly Pack - February 2023 (Black Artist).rar
2023-08-21 18:17:20,414:INFO:Skipping already extracted archive: E:/Songs\CSC Monthly Pack - January 2019.rar
2023-08-21 18:17:20,417:INFO:Skipping already extracted archive: E:/Songs\CSC Monthly Pack - January 2021.rar
2023-08-21 18:17:20,462:INFO:Skipping already extracted archive: E:/Songs\CSC Monthly Pack - January 2022 (Charter's Signature 2).rar
2023-08-21 18:17:20,536:INFO:Skipping already extracted archive: E:/Songs\CSC Monthly Pack - January 2023 (2000's 2).rar
2023-08-21 18:17:20,544:INFO:Skipping already extracted archive: E:/Songs\CSC Monthly Pack - July 2018.rar
2023-08-21 18:17:20,550:INFO:Skipping already extracted archive: E:/Songs\CSC Monthly Pack - July 2020.rar
2023-08-21 18:17:20,617:INFO:Skipping already extracted archive: E:/Songs\CSC Monthly Pack - July 2021 (70's).rar
2023-08-21 18:17:20,699:INFO:Skipping already extracted archive: E:/Songs\CSC Monthly Pack - July 2022 (Happy-Sad).rar
2023-08-21 18:17:20,774:INFO:Skipping already extracted archive: E:/Songs\CSC Monthly Pack - June 2018.rar
2023-08-21 18:17:20,814:INFO:Skipping already extracted archive: E:/Songs\CSC Monthly Pack - June 2019.rar
2023-08-21 18:17:20,865:INFO:Skipping already extracted archive: E:/Songs\CSC Monthly Pack - June 2021 (Anything But Metal 4).rar
2023-08-21 18:17:20,917:INFO:Skipping already extracted archive: E:/Songs\CSC Monthly Pack - June 2022 (Anything But Metal 5).rar
2023-08-21 18:17:20,935:INFO:Skipping already extracted archive: E:/Songs\CSC Monthly Pack - March 2019.rar
2023-08-21 18:17:20,962:INFO:Skipping already extracted archive: E:/Songs\CSC Monthly Pack - March 2020.zip
2023-08-21 18:17:20,978:INFO:Skipping already extracted archive: E:/Songs\CSC Monthly Pack - March 2021.rar
2023-08-21 18:17:21,035:INFO:Skipping already extracted archive: E:/Songs\CSC Monthly Pack - March 2022 (Female Fronted 2).rar
2023-08-21 18:17:21,067:INFO:Skipping already extracted archive: E:/Songs\CSC Monthly Pack - March 2023 (Doppelganger 2).rar
2023-08-21 18:17:21,070:INFO:Skipping already extracted archive: E:/Songs\CSC Monthly Pack - May 2019.rar
2023-08-21 18:17:21,094:INFO:Skipping already extracted archive: E:/Songs\CSC Monthly Pack - May 2020.rar
2023-08-21 18:17:21,140:INFO:Skipping already extracted archive: E:/Songs\CSC Monthly Pack - May 2021 (R.I.P.).rar
2023-08-21 18:17:21,144:INFO:Skipping already extracted archive: E:/Songs\CSC Monthly Pack - May 2022 (Live Songs 2).rar
2023-08-21 18:17:21,148:INFO:Skipping already extracted archive: E:/Songs\CSC Monthly Pack - November 2018.rar
2023-08-21 18:17:21,151:INFO:Skipping already extracted archive: E:/Songs\CSC Monthly Pack - November 2019.zip
2023-08-21 18:17:21,184:INFO:Skipping already extracted archive: E:/Songs\CSC Monthly Pack - November 2020.rar
2023-08-21 18:17:21,188:INFO:Skipping already extracted archive: E:/Songs\CSC Monthly Pack - November 2021 (Bizarro 2).rar
2023-08-21 18:22:40,172:INFO:Skipping already extracted archive: E:/Songs\CSC Monthly Pack - October 2018.rar
2023-08-21 18:22:40,353:INFO:Skipping already extracted archive: E:/Songs\CSC Monthly Pack - October 2019.rar
2023-08-21 18:22:40,533:INFO:Skipping already extracted archive: E:/Songs\CSC Monthly Pack - October 2020.rar
2023-08-21 18:22:40,716:INFO:Skipping already extracted archive: E:/Songs\CSC Monthly Pack - October 2021 (Hard Songs 2).rar
2023-08-21 18:22:40,969:INFO:Skipping already extracted archive: E:/Songs\CSC Monthly Pack - October 2022 (Extreme Metal 3 ).rar
2023-08-21 18:22:41,144:INFO:Skipping already extracted archive: E:/Songs\CSC Monthly Pack - September 2018.rar
2023-08-21 18:22:41,364:INFO:Skipping already extracted archive: E:/Songs\CSC Monthly Pack - September 2019.rar
2023-08-21 18:22:41,559:INFO:Skipping already extracted archive: E:/Songs\CSC Monthly Pack - September 2020.rar
2023-08-21 18:22:41,729:INFO:Skipping already extracted archive: E:/Songs\CSC Monthly Pack - September 2022 (TV-Films).rar
2023-08-21 18:22:59,915:INFO:Skipping already extracted archive: E:/Songs\Digitizer.rar
2023-08-21 18:23:00,087:INFO:Skipping already extracted archive: E:/Songs\Disgorodraphy.rar
2023-08-21 18:23:00,276:INFO:Skipping already extracted archive: E:/Songs\Dissonance Hero.rar
2023-08-21 18:32:40,230:INFO:Skipping already extracted archive: E:/Songs\Facelift Pack 1.rar
2023-08-21 18:32:40,358:INFO:Skipping already extracted archive: E:/Songs\Facelift Pack 2.rar
2023-08-21 18:32:40,479:INFO:Skipping already extracted archive: E:/Songs\Facelift Pack 3.rar
2023-08-21 18:32:40,613:INFO:Skipping already extracted archive: E:/Songs\Facelift Pack 4.rar
2023-08-21 18:32:43,356:INFO:Skipping already extracted archive: E:/Songs\Focal Point 2.zip
2023-08-21 18:32:43,450:INFO:Skipping already extracted archive: E:/Songs\Focal Point.zip
2023-08-21 18:32:43,650:INFO:Skipping already extracted archive: E:/Songs\Galactic Astro Domination Hero 1.rar
2023-08-21 18:34:56,763:INFO:Skipping already extracted archive: E:/Songs\Guitar Hero On Tour - Decades.rar
2023-08-21 18:34:56,836:INFO:Skipping already extracted archive: E:/Songs\Guitar Hero On Tour - Modern Hits.rar
2023-08-21 18:34:56,890:INFO:Skipping already extracted archive: E:/Songs\Guitar Hero On Tour.rar
2023-08-21 18:34:56,890:INFO:Skipping already extracted archive: E:/Songs\Guitar Hero X-II.rar
2023-08-21 18:34:56,950:INFO:Skipping already extracted archive: E:/Songs\Guitar Hero X.rar
2023-08-21 18:39:21,947:INFO:Skipping already extracted archive: E:/Songs\Guitar Zero 2.rar
2023-08-21 18:41:35,091:INFO:Skipping already extracted archive: E:/Songs\Instru-Metal Vol.1.zip
2023-08-21 18:42:22,096:INFO:Skipping already extracted archive: E:/Songs\Koreaboo Hero 2.zip
2023-08-22 04:18:48,180:ERROR:Error extracting E:/ExtractedSongs\[FULL ALBUM] Bob Katsionis - Noemon.rar: '7z_path'
2023-08-22 04:19:00,458:ERROR:Error extracting E:/ExtractedSongs\[FULL ALBUM] Bob Katsionis - Noemon.rar: File is not a zip file
2023-08-22 04:28:56,974:ERROR:'7z_path' is not specified in settings.
2023-08-22 04:38:31,614:ERROR:'7z_path' is not specified in settings.
2023-08-22 04:38:34,809:ERROR:Python method doesn't support extracting .rar files: E:/ExtractedSongs\[FULL ALBUM] Bob Katsionis - Noemon.rar
2023-08-22 20:46:35,944:ERROR:Error in extraction: extract_files() got an unexpected keyword argument 'use_multithreading'
2023-08-22 20:47:07,598:ERROR:Error in extraction: extract_files() got an unexpected keyword argument 'use_multithreading'
2023-08-22 20:49:20,727:INFO:Extracting E:/ExtractedSongs\[FULL ALBUM] Bob Katsionis - Noemon.rar to E:/Gaming
2023-08-22 20:49:25,137:INFO:Successfully extracted E:/ExtractedSongs\[FULL ALBUM] Bob Katsionis - Noemon.rar
2023-08-22 20:50:43,158:INFO:Skipping E:/ExtractedSongs\[FULL ALBUM] Bob Katsionis - Noemon.rar - already exists in E:/Gaming\[FULL ALBUM] Bob Katsionis - Noemon
2023-08-22 20:50:43,158:INFO:Extracting E:/ExtractedSongs\_Community Track Pack 12.zip to E:/Gaming
2023-08-22 20:51:09,482:INFO:Successfully extracted E:/ExtractedSongs\_Community Track Pack 12.zip
2023-08-22 20:53:40,275:INFO:Extracting E:/ExtractedSongs\[FULL ALBUM] Bob Katsionis - Noemon.rar to E:/Gaming
2023-08-22 20:53:45,657:INFO:Successfully extracted E:/ExtractedSongs\[FULL ALBUM] Bob Katsionis - Noemon.rar
2023-08-22 20:55:26,654:INFO:Extracting E:/ExtractedSongs\[FULL ALBUM] Bob Katsionis - Noemon.rar to E:/Gaming
2023-08-22 20:55:31,832:INFO:Successfully extracted E:/ExtractedSongs\[FULL ALBUM] Bob Katsionis - Noemon.rar
2023-08-22 20:55:41,214:INFO:Skipping E:/ExtractedSongs\[FULL ALBUM] Bob Katsionis - Noemon.rar - already exists in E:/Gaming\[FULL ALBUM] Bob Katsionis - Noemon
2023-08-22 20:55:41,214:INFO:Extracting E:/ExtractedSongs\_Community Track Pack 12.zip to E:/Gaming
2023-08-22 20:55:52,763:INFO:Successfully extracted E:/ExtractedSongs\_Community Track Pack 12.zip
